<?xml version="1.0" encoding="UTF-8"?>
<!-- Generated by org.testng.reporters.JUnitReportReporter -->
<testsuite hostname="user-PC" failures="0" tests="6" name="datadriventesting.DDT_DP_EXCEL_DEMO" time="69.477" errors="0" timestamp="2023-04-13T23:17:19 IST" skipped="0">
  <testcase classname="datadriventesting.DDT_DP_EXCEL_DEMO" name="google_search_validation" time="14.257"/>
  <system-out/>
  <testcase classname="datadriventesting.DDT_DP_EXCEL_DEMO" name="google_search_validation" time="11.029"/>
  <system-out/>
  <testcase classname="datadriventesting.DDT_DP_EXCEL_DEMO" name="google_search_validation" time="12.605"/>
  <system-out/>
  <testcase classname="datadriventesting.DDT_DP_EXCEL_DEMO" name="google_search_validation" time="10.869"/>
  <system-out/>
  <testcase classname="datadriventesting.DDT_DP_EXCEL_DEMO" name="google_search_validation" time="10.323"/>
  <system-out/>
  <testcase classname="datadriventesting.DDT_DP_EXCEL_DEMO" name="google_search_validation" time="10.394"/>
  <system-out/>
</testsuite> <!-- datadriventesting.DDT_DP_EXCEL_DEMO -->
