<?xml version="1.0" encoding="UTF-8"?>
<!-- Generated by org.testng.reporters.JUnitReportReporter -->
<testsuite hostname="user-PC" failures="0" tests="3" name="datadriventesting.DDT_Data_Provider" time="55.635" errors="0" timestamp="2023-04-13T22:41:05 IST" skipped="0">
  <testcase classname="datadriventesting.DDT_Data_Provider" name="google_search_validation" time="30.260"/>
  <system-out/>
  <testcase classname="datadriventesting.DDT_Data_Provider" name="google_search_validation" time="11.507"/>
  <system-out/>
  <testcase classname="datadriventesting.DDT_Data_Provider" name="google_search_validation" time="13.868"/>
  <system-out/>
</testsuite> <!-- datadriventesting.DDT_Data_Provider -->
