<?xml version="1.0" encoding="UTF-8"?>
<!-- Generated by org.testng.reporters.JUnitReportReporter -->
<testsuite hostname="user-PC" failures="0" tests="2" name="saucelab.Keyword_Excel" time="57.013" errors="0" timestamp="2023-04-19T12:48:45 IST" skipped="0">
  <testcase classname="saucelab.Keyword_Excel" name="searchTextfromExcel" time="27.789"/>
  <system-out/>
  <testcase classname="saucelab.Keyword_Excel" name="searchTextfromExcel" time="29.224"/>
  <system-out/>
</testsuite> <!-- saucelab.Keyword_Excel -->
