<?xml version="1.0" encoding="UTF-8"?>
<!-- Generated by org.testng.reporters.JUnitReportReporter -->
<testsuite hostname="user-PC" failures="0" tests="3" name="datadriventesting.DDT_DP_Excel_Login_Validation" time="55.671" errors="0" timestamp="2023-04-20T15:30:15 IST" skipped="0">
  <testcase classname="datadriventesting.DDT_DP_Excel_Login_Validation" name="Login_valid" time="19.545"/>
  <system-out/>
  <testcase classname="datadriventesting.DDT_DP_Excel_Login_Validation" name="Login_valid" time="18.518"/>
  <system-out/>
  <testcase classname="datadriventesting.DDT_DP_Excel_Login_Validation" name="Login_valid" time="17.608"/>
  <system-out/>
</testsuite> <!-- datadriventesting.DDT_DP_Excel_Login_Validation -->
